<?xml version="1.0" encoding="UTF-8"?>
<testng-results skipped="0" failed="0" ignored="0" total="1" passed="1">
  <reporter-output>
  </reporter-output>
  <suite name="Default suite" duration-ms="4385" started-at="2018-07-08T10:34:09Z" finished-at="2018-07-08T10:34:13Z">
    <groups>
    </groups>
    <test name="Default test" duration-ms="4385" started-at="2018-07-08T10:34:09Z" finished-at="2018-07-08T10:34:13Z">
      <class name="com.restassured.apitest.udemy.Test009_LoggingRestAssured">
        <test-method status="PASS" signature="verifyPostXmlRequet()[pri:0, instance:com.restassured.apitest.udemy.Test009_LoggingRestAssured@39c0f4a]" name="verifyPostXmlRequet" duration-ms="4327" started-at="2018-07-08T10:34:09Z" finished-at="2018-07-08T10:34:13Z">
          <reporter-output>
          </reporter-output>
        </test-method> <!-- verifyPostXmlRequet -->
      </class> <!-- com.restassured.apitest.udemy.Test009_LoggingRestAssured -->
    </test> <!-- Default test -->
  </suite> <!-- Default suite -->
</testng-results>
